<?xml version="1.0" encoding="UTF-8"?>
<robot generator="Robot 7.0 (Python 3.12.2 on win32)" generated="2025-04-16T14:47:17.353537" rpa="false" schemaversion="5">
<suite id="s1" name="Login" source="C:\Users\Nitin.kumar4\PycharmProjects\project_robotFramework\nitsanon\login.robot">
<test id="s1-t1" name="Delete the story with particular title" line="40">
<kw name="open the browser and navigate to NITSANON portal" owner="resources" type="SETUP">
<kw name="Open Browser" owner="SeleniumLibrary">
<msg time="2025-04-16T14:47:17.680011" level="INFO">Opening browser 'Chrome' to base url 'http://nitsanon.epizy.com/'.</msg>
<arg>${URL}</arg>
<arg>Chrome</arg>
<doc>Opens a new browser instance to the optional ``url``.</doc>
<status status="PASS" start="2025-04-16T14:47:17.679005" elapsed="8.363115"/>
</kw>
<kw name="Maximize Browser Window" owner="SeleniumLibrary">
<doc>Maximizes current browser window.</doc>
<status status="PASS" start="2025-04-16T14:47:26.043224" elapsed="0.064251"/>
</kw>
<status status="PASS" start="2025-04-16T14:47:17.677920" elapsed="8.430559"/>
</kw>
<kw name="Put credentials in the portal">
<kw name="Input Text" owner="SeleniumLibrary">
<msg time="2025-04-16T14:47:26.113844" level="INFO">Typing text 'nitin' into text field 'id=username'.</msg>
<arg>${USERNAME_TEXTBOX}</arg>
<arg>${username}</arg>
<doc>Types the given ``text`` into the text field identified by ``locator``.</doc>
<status status="PASS" start="2025-04-16T14:47:26.111840" elapsed="0.195681"/>
</kw>
<kw name="Input Text" owner="SeleniumLibrary">
<msg time="2025-04-16T14:47:26.309611" level="INFO">Typing text 'kumar' into text field 'id=password'.</msg>
<arg>${PASSWORD_TEXTBOX}</arg>
<arg>${password}</arg>
<doc>Types the given ``text`` into the text field identified by ``locator``.</doc>
<status status="PASS" start="2025-04-16T14:47:26.307521" elapsed="0.189116"/>
</kw>
<arg>${C_USERNAME}</arg>
<arg>${C_PASSWORD}</arg>
<status status="PASS" start="2025-04-16T14:47:26.109677" elapsed="0.388037"/>
</kw>
<kw name="Click on submit button">
<kw name="Click Button" owner="SeleniumLibrary">
<msg time="2025-04-16T14:47:26.501061" level="INFO">Clicking button 'name=login'.</msg>
<arg>${LOGIN_BTN}</arg>
<doc>Clicks the button identified by ``locator``.</doc>
<status status="PASS" start="2025-04-16T14:47:26.499917" elapsed="0.148957"/>
</kw>
<kw name="Log To Console" owner="BuiltIn">
<arg>"Submit button clicked !!"</arg>
<doc>Logs the given message to the console.</doc>
<status status="PASS" start="2025-04-16T14:47:26.648874" elapsed="0.001071"/>
</kw>
<status status="PASS" start="2025-04-16T14:47:26.498802" elapsed="0.151143"/>
</kw>
<kw name="Check the page is navigated to dashboard">
<kw name="Title Should Be" owner="SeleniumLibrary">
<msg time="2025-04-16T14:47:28.729773" level="INFO">Page title is 'NITSANON'.</msg>
<arg>${EXPECTED_TITLE}</arg>
<doc>Verifies that the current page title equals ``title``.</doc>
<status status="PASS" start="2025-04-16T14:47:26.650900" elapsed="2.078873"/>
</kw>
<status status="PASS" start="2025-04-16T14:47:26.650900" elapsed="2.079412"/>
</kw>
<kw name="Sleep" owner="BuiltIn">
<msg time="2025-04-16T14:47:33.730685" level="INFO">Slept 5 seconds.</msg>
<arg>5s</arg>
<doc>Pauses the test executed for the given time.</doc>
<status status="PASS" start="2025-04-16T14:47:28.730312" elapsed="5.000373"/>
</kw>
<kw name="Set Variable" owner="BuiltIn">
<msg time="2025-04-16T14:47:33.731750" level="INFO">${story_title} = This story is made to be deleted.</msg>
<var>${story_title}</var>
<arg>This story is made to be deleted.</arg>
<doc>Returns the given values which can then be assigned to a variables.</doc>
<status status="PASS" start="2025-04-16T14:47:33.731688" elapsed="0.000062"/>
</kw>
<kw name="Delete the story">
<kw name="Get WebElements" owner="SeleniumLibrary">
<msg time="2025-04-16T14:47:33.756460" level="INFO">${elements} = [&lt;selenium.webdriver.remote.webelement.WebElement (session="73f1b49ef38f21f2548618c1623ec90a", element="f.7616001DE9B3DF556F0A77BC4EFEB50A.d.9A5BDE0F0155F5E14924A87A9F544F75.e.38")&gt;, &lt;selenium.webdriv...</msg>
<var>${elements}</var>
<arg>${STORIES}</arg>
<doc>Returns a list of WebElement objects matching the ``locator``.</doc>
<status status="PASS" start="2025-04-16T14:47:33.733260" elapsed="0.023200"/>
</kw>
<kw name="Log" owner="BuiltIn">
<msg time="2025-04-16T14:47:33.756460" level="INFO">Number of elements found: [&lt;selenium.webdriver.remote.webelement.WebElement (session="73f1b49ef38f21f2548618c1623ec90a", element="f.7616001DE9B3DF556F0A77BC4EFEB50A.d.9A5BDE0F0155F5E14924A87A9F544F75.e.38")&gt;, &lt;selenium.webdriver.remote.webelement.WebElement (session="73f1b49ef38f21f2548618c1623ec90a", element="f.7616001DE9B3DF556F0A77BC4EFEB50A.d.9A5BDE0F0155F5E14924A87A9F544F75.e.39")&gt;, &lt;selenium.webdriver.remote.webelement.WebElement (session="73f1b49ef38f21f2548618c1623ec90a", element="f.7616001DE9B3DF556F0A77BC4EFEB50A.d.9A5BDE0F0155F5E14924A87A9F544F75.e.40")&gt;, &lt;selenium.webdriver.remote.webelement.WebElement (session="73f1b49ef38f21f2548618c1623ec90a", element="f.7616001DE9B3DF556F0A77BC4EFEB50A.d.9A5BDE0F0155F5E14924A87A9F544F75.e.41")&gt;, &lt;selenium.webdriver.remote.webelement.WebElement (session="73f1b49ef38f21f2548618c1623ec90a", element="f.7616001DE9B3DF556F0A77BC4EFEB50A.d.9A5BDE0F0155F5E14924A87A9F544F75.e.42")&gt;, &lt;selenium.webdriver.remote.webelement.WebElement (session="73f1b49ef38f21f2548618c1623ec90a", element="f.7616001DE9B3DF556F0A77BC4EFEB50A.d.9A5BDE0F0155F5E14924A87A9F544F75.e.43")&gt;, &lt;selenium.webdriver.remote.webelement.WebElement (session="73f1b49ef38f21f2548618c1623ec90a", element="f.7616001DE9B3DF556F0A77BC4EFEB50A.d.9A5BDE0F0155F5E14924A87A9F544F75.e.44")&gt;, &lt;selenium.webdriver.remote.webelement.WebElement (session="73f1b49ef38f21f2548618c1623ec90a", element="f.7616001DE9B3DF556F0A77BC4EFEB50A.d.9A5BDE0F0155F5E14924A87A9F544F75.e.45")&gt;, &lt;selenium.webdriver.remote.webelement.WebElement (session="73f1b49ef38f21f2548618c1623ec90a", element="f.7616001DE9B3DF556F0A77BC4EFEB50A.d.9A5BDE0F0155F5E14924A87A9F544F75.e.46")&gt;, &lt;selenium.webdriver.remote.webelement.WebElement (session="73f1b49ef38f21f2548618c1623ec90a", element="f.7616001DE9B3DF556F0A77BC4EFEB50A.d.9A5BDE0F0155F5E14924A87A9F544F75.e.47")&gt;, &lt;selenium.webdriver.remote.webelement.WebElement (session="73f1b49ef38f21f2548618c1623ec90a", element="f.7616001DE9B3DF556F0A77BC4EFEB50A.d.9A5BDE0F0155F5E14924A87A9F544F75.e.48")&gt;, &lt;selenium.webdriver.remote.webelement.WebElement (session="73f1b49ef38f21f2548618c1623ec90a", element="f.7616001DE9B3DF556F0A77BC4EFEB50A.d.9A5BDE0F0155F5E14924A87A9F544F75.e.49")&gt;, &lt;selenium.webdriver.remote.webelement.WebElement (session="73f1b49ef38f21f2548618c1623ec90a", element="f.7616001DE9B3DF556F0A77BC4EFEB50A.d.9A5BDE0F0155F5E14924A87A9F544F75.e.50")&gt;]</msg>
<arg>Number of elements found: ${elements}</arg>
<doc>Logs the given message with the given level.</doc>
<status status="PASS" start="2025-04-16T14:47:33.756460" elapsed="0.000000"/>
</kw>
<kw name="Set Variable" owner="BuiltIn">
<msg time="2025-04-16T14:47:33.758074" level="INFO">${index} = 1</msg>
<var>${index}</var>
<arg>1</arg>
<doc>Returns the given values which can then be assigned to a variables.</doc>
<status status="PASS" start="2025-04-16T14:47:33.756460" elapsed="0.001614"/>
</kw>
<kw name="Create List" owner="BuiltIn">
<msg time="2025-04-16T14:47:33.758074" level="INFO">@{actual_STORIES} = [ ]</msg>
<var>@{actual_STORIES}</var>
<doc>Returns a list containing given items.</doc>
<status status="PASS" start="2025-04-16T14:47:33.758074" elapsed="0.000000"/>
</kw>
<for flavor="IN">
<iter>
<kw name="Log" owner="BuiltIn">
<msg time="2025-04-16T14:47:33.779232" level="INFO">Checking element: This story is made to be deleted.</msg>
<arg>Checking element: ${element.text}</arg>
<doc>Logs the given message with the given level.</doc>
<status status="PASS" start="2025-04-16T14:47:33.759531" elapsed="0.019754"/>
</kw>
<kw name="Run Keyword If" owner="BuiltIn">
<kw name="Exit For Loop" owner="BuiltIn">
<msg time="2025-04-16T14:47:33.795691" level="INFO">Exiting for loop altogether.</msg>
<doc>Stops executing the enclosing FOR loop.</doc>
<status status="PASS" start="2025-04-16T14:47:33.794632" elapsed="0.001059"/>
</kw>
<arg>'${story_name}' == '${element.text}'</arg>
<arg>Exit For Loop</arg>
<doc>Runs the given keyword with the given arguments, if ``condition`` is true.</doc>
<status status="PASS" start="2025-04-16T14:47:33.779285" elapsed="0.016406"/>
</kw>
<kw name="Evaluate" owner="BuiltIn">
<var>${index}</var>
<arg>${index} + 1</arg>
<doc>Evaluates the given expression in Python and returns the result.</doc>
<status status="NOT RUN" start="2025-04-16T14:47:33.795691" elapsed="0.000000"/>
</kw>
<kw name="Append To List" owner="Collections">
<arg>${actual_STORIES}</arg>
<arg>${element.text}</arg>
<doc>Adds ``values`` to the end of ``list``.</doc>
<status status="NOT RUN" start="2025-04-16T14:47:33.795691" elapsed="0.000000"/>
</kw>
<var name="${element}">&lt;selenium.webdriver.remote.webelement.WebElement (session="73f1b49ef38f21f2548618c1623ec90a", element="f.7616001DE9B3DF556F0A77BC4EFEB50A.d.9A5BDE0F0155F5E14924A87A9F544F75.e.38")&gt;</var>
<status status="PASS" start="2025-04-16T14:47:33.759287" elapsed="0.036404"/>
</iter>
<var>${element}</var>
<value>@{elements}</value>
<status status="PASS" start="2025-04-16T14:47:33.758074" elapsed="0.038567"/>
</for>
<kw name="Log To Console" owner="BuiltIn">
<arg>xpath://a[contains(text(),'Delete')][${index}]</arg>
<doc>Logs the given message to the console.</doc>
<status status="PASS" start="2025-04-16T14:47:33.796641" elapsed="0.000000"/>
</kw>
<kw name="Evaluate" owner="BuiltIn">
<msg time="2025-04-16T14:47:33.798163" level="INFO">${xpath} = xpath://a[contains(text(),'Delete')][1]</msg>
<var>${xpath}</var>
<arg>"xpath://a[contains(text(),'Delete')][${index}]"</arg>
<doc>Evaluates the given expression in Python and returns the result.</doc>
<status status="PASS" start="2025-04-16T14:47:33.796641" elapsed="0.001522"/>
</kw>
<kw name="Wait Until Element Is Visible" owner="SeleniumLibrary">
<arg>${xpath}</arg>
<arg>timeout=10s</arg>
<doc>Waits until the element ``locator`` is visible.</doc>
<status status="PASS" start="2025-04-16T14:47:33.798163" elapsed="0.166813"/>
</kw>
<kw name="Click Element" owner="SeleniumLibrary">
<msg time="2025-04-16T14:47:33.966051" level="INFO">Clicking element 'xpath://a[contains(text(),'Delete')][1]'.</msg>
<arg>${xpath}</arg>
<doc>Click the element identified by ``locator``.</doc>
<status status="PASS" start="2025-04-16T14:47:33.966051" elapsed="1.893713"/>
</kw>
<arg>${story_title}</arg>
<status status="PASS" start="2025-04-16T14:47:33.732688" elapsed="2.128135"/>
</kw>
<kw name="Close Browser" owner="SeleniumLibrary" type="TEARDOWN">
<doc>Closes the current browser.</doc>
<status status="PASS" start="2025-04-16T14:47:35.860911" elapsed="2.354507"/>
</kw>
<status status="PASS" start="2025-04-16T14:47:17.677920" elapsed="20.538633"/>
</test>
<doc>To test the login functionality for NITSANON website</doc>
<status status="PASS" start="2025-04-16T14:47:17.355817" elapsed="20.861808"/>
</suite>
<statistics>
<total>
<stat pass="1" fail="0" skip="0">All Tests</stat>
</total>
<tag>
</tag>
<suite>
<stat pass="1" fail="0" skip="0" id="s1" name="Login">Login</stat>
</suite>
</statistics>
<errors>
</errors>
</robot>
