<?xml version="1.0" encoding="UTF-8"?>
<robot generator="Robot 7.0 (Python 3.12.2 on win32)" generated="2024-04-12T15:42:16.188187" rpa="false" schemaversion="5">
<suite id="s1" name="Login" source="C:\Users\Nitin.kumar4\PycharmProjects\project_robotFramework\nitsanon\login.robot">
<test id="s1-t1" line="23">
<status status="FAIL" start="2024-04-12T15:42:16.524948" elapsed="0.001039">Test name cannot be empty.</status>
</test>
<test id="s1-t2" name="Delete the story with particular title" line="40">
<kw name="open the browser and navigate to NITSANON portal" owner="resources" type="SETUP">
<kw name="Open Browser" owner="SeleniumLibrary">
<msg time="2024-04-12T15:42:16.528245" level="INFO">Opening browser 'Chrome' to base url 'http://nitsanon.epizy.com/'.</msg>
<arg>${URL}</arg>
<arg>Chrome</arg>
<doc>Opens a new browser instance to the optional ``url``.</doc>
<status status="PASS" start="2024-04-12T15:42:16.528245" elapsed="201.484996"/>
</kw>
<status status="PASS" start="2024-04-12T15:42:16.527169" elapsed="201.486072"/>
</kw>
<kw name="Put credentials in the portal">
<kw name="Input Text" owner="SeleniumLibrary">
<msg time="2024-04-12T15:45:38.015483" level="INFO">Typing text 'nitin' into text field 'id=username'.</msg>
<arg>${USERNAME_TEXTBOX}</arg>
<arg>${username}</arg>
<doc>Types the given ``text`` into the text field identified by ``locator``.</doc>
<status status="PASS" start="2024-04-12T15:45:38.014244" elapsed="0.093273"/>
</kw>
<kw name="Input Text" owner="SeleniumLibrary">
<msg time="2024-04-12T15:45:38.107517" level="INFO">Typing text 'kumar' into text field 'id=password'.</msg>
<arg>${PASSWORD_TEXTBOX}</arg>
<arg>${password}</arg>
<doc>Types the given ``text`` into the text field identified by ``locator``.</doc>
<status status="PASS" start="2024-04-12T15:45:38.107517" elapsed="0.079597"/>
</kw>
<arg>${C_USERNAME}</arg>
<arg>${C_PASSWORD}</arg>
<status status="PASS" start="2024-04-12T15:45:38.014244" elapsed="0.173907"/>
</kw>
<kw name="Click on submit button">
<kw name="Click Button" owner="SeleniumLibrary">
<msg time="2024-04-12T15:45:38.188151" level="INFO">Clicking button 'name=login'.</msg>
<arg>${LOGIN_BTN}</arg>
<doc>Clicks the button identified by ``locator``.</doc>
<status status="PASS" start="2024-04-12T15:45:38.188151" elapsed="5.029801"/>
</kw>
<status status="PASS" start="2024-04-12T15:45:38.188151" elapsed="5.029801"/>
</kw>
<kw name="Check the page is navigated to dashboard">
<kw name="Title Should Be" owner="SeleniumLibrary">
<msg time="2024-04-12T15:45:43.224178" level="INFO">Page title is 'NITSANON'.</msg>
<arg>${EXPECTED_TITLE}</arg>
<doc>Verifies that the current page title equals ``title``.</doc>
<status status="PASS" start="2024-04-12T15:45:43.218951" elapsed="0.005227"/>
</kw>
<status status="PASS" start="2024-04-12T15:45:43.217952" elapsed="0.006226"/>
</kw>
<kw name="Delete the story">
<kw name="Get WebElements" owner="SeleniumLibrary">
<msg time="2024-04-12T15:45:43.234876" level="INFO">${elements} = [&lt;selenium.webdriver.remote.webelement.WebElement (session="0c15e91d509d912c970ca841cfcb4017", element="f.2E9C1E6FA48D0346C26B48D10EFE59E9.d.D9270A93FFF06BCAB0B6FF7EFFD24178.e.33")&gt;, &lt;selenium.webdriv...</msg>
<var>${elements}</var>
<arg>${STORIES}</arg>
<doc>Returns a list of WebElement objects matching the ``locator``.</doc>
<status status="PASS" start="2024-04-12T15:45:43.225340" elapsed="0.009536"/>
</kw>
<kw name="Set Variable" owner="BuiltIn">
<msg time="2024-04-12T15:45:43.235880" level="INFO">${index} = 1</msg>
<var>${index}</var>
<arg>1</arg>
<doc>Returns the given values which can then be assigned to a variables.</doc>
<status status="PASS" start="2024-04-12T15:45:43.235880" elapsed="0.000000"/>
</kw>
<kw name="Create List" owner="BuiltIn">
<msg time="2024-04-12T15:45:43.235880" level="INFO">@{actual_STORIES} = [ ]</msg>
<var>@{actual_STORIES}</var>
<doc>Returns a list containing given items.</doc>
<status status="PASS" start="2024-04-12T15:45:43.235880" elapsed="0.000000"/>
</kw>
<for flavor="IN">
<iter>
<kw name="Exit For Loop If" owner="BuiltIn">
<msg time="2024-04-12T15:45:43.247899" level="FAIL">Evaluating expression 'This story is made to be deleted. == This story is made to be deleted.' failed: SyntaxError: invalid syntax (&lt;string&gt;, line 1)</msg>
<arg>${story_name} == ${element.text}</arg>
<doc>Stops executing the enclosing FOR loop if the ``condition`` is true.</doc>
<status status="FAIL" start="2024-04-12T15:45:43.236878" elapsed="0.011021">Evaluating expression 'This story is made to be deleted. == This story is made to be deleted.' failed: SyntaxError: invalid syntax (&lt;string&gt;, line 1)</status>
</kw>
<kw name="${index} += 1">
<status status="NOT RUN" start="2024-04-12T15:45:43.249876" elapsed="0.000000"/>
</kw>
<var name="${element}">&lt;selenium.webdriver.remote.webelement.WebElement (session="0c15e91d509d912c970ca841cfcb4017", element="f.2E9C1E6FA48D0346C26B48D10EFE59E9.d.D9270A93FFF06BCAB0B6FF7EFFD24178.e.33")&gt;</var>
<status status="FAIL" start="2024-04-12T15:45:43.236878" elapsed="0.014083">Evaluating expression 'This story is made to be deleted. == This story is made to be deleted.' failed: SyntaxError: invalid syntax (&lt;string&gt;, line 1)</status>
</iter>
<var>${element}</var>
<value>@{elements}</value>
<status status="FAIL" start="2024-04-12T15:45:43.235880" elapsed="0.015136">Evaluating expression 'This story is made to be deleted. == This story is made to be deleted.' failed: SyntaxError: invalid syntax (&lt;string&gt;, line 1)</status>
</for>
<kw name="Click Button" owner="SeleniumLibrary">
<arg>xpath://div[@class='alert'][4]</arg>
<doc>Clicks the button identified by ``locator``.</doc>
<status status="NOT RUN" start="2024-04-12T15:45:43.251016" elapsed="0.000000"/>
</kw>
<arg>This story is made to be deleted.</arg>
<status status="FAIL" start="2024-04-12T15:45:43.225271" elapsed="0.025745">Evaluating expression 'This story is made to be deleted. == This story is made to be deleted.' failed: SyntaxError: invalid syntax (&lt;string&gt;, line 1)</status>
</kw>
<kw name="Close Browser" owner="SeleniumLibrary" type="TEARDOWN">
<doc>Closes the current browser.</doc>
<status status="PASS" start="2024-04-12T15:45:43.251016" elapsed="2.151763"/>
</kw>
<status status="FAIL" start="2024-04-12T15:42:16.525987" elapsed="208.876792">Evaluating expression 'This story is made to be deleted. == This story is made to be deleted.' failed: SyntaxError: invalid syntax (&lt;string&gt;, line 1)</status>
</test>
<doc>To test the login functionality for NITSANON website</doc>
<status status="FAIL" start="2024-04-12T15:42:16.190363" elapsed="209.213562"/>
</suite>
<statistics>
<total>
<stat pass="0" fail="2" skip="0">All Tests</stat>
</total>
<tag>
</tag>
<suite>
<stat pass="0" fail="2" skip="0" id="s1" name="Login">Login</stat>
</suite>
</statistics>
<errors>
</errors>
</robot>
